#
# There is insufficient memory for the Java Runtime Environment to continue.
# Native memory allocation (mmap) failed to map 132120576 bytes for Failed to commit area from 0x0000000082c00000 to 0x000000008aa00000 of length 132120576.
# Possible reasons:
#   The system is out of physical RAM or swap space
#   The process is running with CompressedOops enabled, and the Java Heap may be blocking the growth of the native heap
# Possible solutions:
#   Reduce memory load on the system
#   Increase physical memory or swap space
#   Check if swap backing store is full
#   Decrease Java heap size (-Xmx/-Xms)
#   Decrease number of Java threads
#   Decrease Java thread stack sizes (-Xss)
#   Set larger code cache with -XX:ReservedCodeCacheSize=
# This output file may be truncated or incomplete.
#
#  Out of Memory Error (./src/hotspot/os/windows/os_windows.cpp:3387), pid=33316, tid=12448
#
# JRE version:  (11.0.14.1+1) (build )
# Java VM: OpenJDK 64-Bit Server VM (11.0.14.1+1, mixed mode, sharing, tiered, compressed oops, g1 gc, windows-amd64)
# No core dump will be written. Minidumps are not enabled by default on client versions of Windows
#

---------------  S U M M A R Y ------------

Command Line: -Dfile.encoding=UTF-8 org.gradle.launcher.GradleMain -Dorg.gradle.jvmargs=-Xmx4096m --stop

Host: Intel(R) Core(TM) i7-10750H CPU @ 2.60GHz, 12 cores, 7G,  Windows 11 , 64 bit Build 22621 (10.0.22621.3527)
Time: Wed Jun  5 13:18:20 2024 Malay Peninsula Standard Time elapsed time: 0.312093 seconds (0d 0h 0m 0s)

---------------  T H R E A D  ---------------

Current thread (0x00000274f4063800):  JavaThread "Unknown thread" [_thread_in_vm, id=12448, stack(0x0000008f73f00000,0x0000008f74000000)]

Stack: [0x0000008f73f00000,0x0000008f74000000]
Native frames: (J=compiled Java code, j=interpreted, Vv=VM code, C=native code)
V  [jvm.dll+0x61e59a]
V  [jvm.dll+0x7aaca9]
V  [jvm.dll+0x7ac398]
V  [jvm.dll+0x7aca73]
V  [jvm.dll+0x24f9b8]
V  [jvm.dll+0x61b83a]
V  [jvm.dll+0x6100c5]
V  [jvm.dll+0x30772c]
V  [jvm.dll+0x3075b2]
V  [jvm.dll+0x30c2d6]
V  [jvm.dll+0x35272f]
V  [jvm.dll+0x352160]
V  [jvm.dll+0x2e4728]
V  [jvm.dll+0x2e5886]
V  [jvm.dll+0x784b07]
V  [jvm.dll+0x78628f]
V  [jvm.dll+0x35f479]
V  [jvm.dll+0x767aa0]
V  [jvm.dll+0x3ccf1f]
V  [jvm.dll+0x3cf2b1]
C  [jli.dll+0x5207]
C  [ucrtbase.dll+0x29333]
C  [KERNEL32.DLL+0x1257d]
C  [ntdll.dll+0x5aa48]


---------------  P R O C E S S  ---------------

Threads class SMR info:
_java_thread_list=0x00000274f1f495b0, length=0, elements={
}

Java Threads: ( => current thread )

Other Threads:
  0x00000274f407e000 GCTaskThread "GC Thread#0" [stack: 0x0000008f74000000,0x0000008f74100000] [id=12508]
  0x00000274f40af800 ConcurrentGCThread "G1 Main Marker" [stack: 0x0000008f74100000,0x0000008f74200000] [id=36196]
  0x00000274f40b2000 ConcurrentGCThread "G1 Conc#0" [stack: 0x0000008f74200000,0x0000008f74300000] [id=11300]

[error occurred during error reporting (printing all threads), id 0xc0000005, EXCEPTION_ACCESS_VIOLATION (0xc0000005) at pc=0x00007ffaca6a3ef7]

VM state:not at safepoint (not fully initialized)

VM Mutex/Monitor currently owned by a thread:  ([mutex/lock_event])
[0x00000274f405f490] Heap_lock - owner thread: 0x00000274f4063800

Heap address: 0x0000000082c00000, size: 2004 MB, Compressed Oops mode: Non-zero based: 0x0000000082c00000
Narrow klass base: 0x0000000000000000, Narrow klass shift: 0

GC Heap History (0 events):
No events

Deoptimization events (0 events):
No events

Classes redefined (0 events):
No events

Internal exceptions (0 events):
No events

Events (1 events):
Event: 0.155 Loaded shared library C:\Program Files\Unity\Hub\Editor\2022.3.22f1\Editor\Data\PlaybackEngines\AndroidPlayer\OpenJDK\bin\zip.dll


Dynamic libraries:
0x00007ff6cad90000 - 0x00007ff6cad9d000 	C:\Program Files\Unity\Hub\Editor\2022.3.22f1\Editor\Data\PlaybackEngines\AndroidPlayer\OpenJDK\bin\java.exe
0x00007ffbb19b0000 - 0x00007ffbb1bc7000 	C:\WINDOWS\SYSTEM32\ntdll.dll
0x00007ffbb0930000 - 0x00007ffbb09f4000 	C:\WINDOWS\System32\KERNEL32.DLL
0x00007ffbaf2c0000 - 0x00007ffbaf667000 	C:\WINDOWS\System32\KERNELBASE.dll
0x00007ffbaee70000 - 0x00007ffbaef81000 	C:\WINDOWS\System32\ucrtbase.dll
0x00007ffaec8d0000 - 0x00007ffaec8e5000 	C:\Program Files\Unity\Hub\Editor\2022.3.22f1\Editor\Data\PlaybackEngines\AndroidPlayer\OpenJDK\bin\VCRUNTIME140.dll
0x00007ffaec8f0000 - 0x00007ffaec907000 	C:\Program Files\Unity\Hub\Editor\2022.3.22f1\Editor\Data\PlaybackEngines\AndroidPlayer\OpenJDK\bin\jli.dll
0x00007ffbb1050000 - 0x00007ffbb11fe000 	C:\WINDOWS\System32\USER32.dll
0x00007ffbaee40000 - 0x00007ffbaee66000 	C:\WINDOWS\System32\win32u.dll
0x00007ffb8ce60000 - 0x00007ffb8d0f3000 	C:\WINDOWS\WinSxS\amd64_microsoft.windows.common-controls_6595b64144ccf1df_6.0.22621.3527_none_270e469b73872a76\COMCTL32.dll
0x00007ffbb1020000 - 0x00007ffbb1049000 	C:\WINDOWS\System32\GDI32.dll
0x00007ffbafb40000 - 0x00007ffbafbe7000 	C:\WINDOWS\System32\msvcrt.dll
0x00007ffbaf030000 - 0x00007ffbaf149000 	C:\WINDOWS\System32\gdi32full.dll
0x00007ffbaef90000 - 0x00007ffbaf02a000 	C:\WINDOWS\System32\msvcp_win.dll
0x00007ffbb0d50000 - 0x00007ffbb0d81000 	C:\WINDOWS\System32\IMM32.DLL
0x00007ffacaf40000 - 0x00007ffacafdb000 	C:\Program Files\Unity\Hub\Editor\2022.3.22f1\Editor\Data\PlaybackEngines\AndroidPlayer\OpenJDK\bin\msvcp140.dll
0x00007ffaca3b0000 - 0x00007ffacaf31000 	C:\Program Files\Unity\Hub\Editor\2022.3.22f1\Editor\Data\PlaybackEngines\AndroidPlayer\OpenJDK\bin\server\jvm.dll
0x00007ffbb0f60000 - 0x00007ffbb1012000 	C:\WINDOWS\System32\ADVAPI32.dll
0x00007ffbb1890000 - 0x00007ffbb1938000 	C:\WINDOWS\System32\sechost.dll
0x00007ffbaed50000 - 0x00007ffbaed78000 	C:\WINDOWS\System32\bcrypt.dll
0x00007ffbb0bb0000 - 0x00007ffbb0cc5000 	C:\WINDOWS\System32\RPCRT4.dll
0x00007ffbb1680000 - 0x00007ffbb1688000 	C:\WINDOWS\System32\PSAPI.DLL
0x00007ffb227c0000 - 0x00007ffb227c9000 	C:\WINDOWS\SYSTEM32\WSOCK32.dll
0x00007ffb9c3a0000 - 0x00007ffb9c3d4000 	C:\WINDOWS\SYSTEM32\WINMM.dll
0x00007ffbb0cd0000 - 0x00007ffbb0d41000 	C:\WINDOWS\System32\WS2_32.dll
0x00007ffba8bd0000 - 0x00007ffba8bda000 	C:\WINDOWS\SYSTEM32\VERSION.dll
0x00007ffbadde0000 - 0x00007ffbaddf8000 	C:\WINDOWS\SYSTEM32\kernel.appcore.dll
0x00007ffbab6a0000 - 0x00007ffbab6b0000 	C:\Program Files\Unity\Hub\Editor\2022.3.22f1\Editor\Data\PlaybackEngines\AndroidPlayer\OpenJDK\bin\verify.dll
0x00007ffb9a310000 - 0x00007ffb9a542000 	C:\WINDOWS\SYSTEM32\DBGHELP.DLL
0x00007ffbaf7b0000 - 0x00007ffbafb38000 	C:\WINDOWS\System32\combase.dll
0x00007ffbb0750000 - 0x00007ffbb0827000 	C:\WINDOWS\System32\OLEAUT32.dll
0x00007ffb95d80000 - 0x00007ffb95db2000 	C:\WINDOWS\SYSTEM32\dbgcore.DLL
0x00007ffbaecd0000 - 0x00007ffbaed49000 	C:\WINDOWS\System32\bcryptPrimitives.dll
0x00007ffaec8a0000 - 0x00007ffaec8c8000 	C:\Program Files\Unity\Hub\Editor\2022.3.22f1\Editor\Data\PlaybackEngines\AndroidPlayer\OpenJDK\bin\java.dll
0x00007ffba9d70000 - 0x00007ffba9d7a000 	C:\Program Files\Unity\Hub\Editor\2022.3.22f1\Editor\Data\PlaybackEngines\AndroidPlayer\OpenJDK\bin\jimage.dll
0x00007ffaeb1a0000 - 0x00007ffaeb1b8000 	C:\Program Files\Unity\Hub\Editor\2022.3.22f1\Editor\Data\PlaybackEngines\AndroidPlayer\OpenJDK\bin\zip.dll

dbghelp: loaded successfully - version: 4.0.5 - missing functions: none
symbol engine: initialized successfully - sym options: 0x614 - pdb path: .;C:\Program Files\Unity\Hub\Editor\2022.3.22f1\Editor\Data\PlaybackEngines\AndroidPlayer\OpenJDK\bin;C:\WINDOWS\SYSTEM32;C:\WINDOWS\WinSxS\amd64_microsoft.windows.common-controls_6595b64144ccf1df_6.0.22621.3527_none_270e469b73872a76;C:\Program Files\Unity\Hub\Editor\2022.3.22f1\Editor\Data\PlaybackEngines\AndroidPlayer\OpenJDK\bin\server

VM Arguments:
jvm_args: -Dfile.encoding=UTF-8 
java_command: org.gradle.launcher.GradleMain -Dorg.gradle.jvmargs=-Xmx4096m --stop
java_class_path (initial): C:\Program Files\Unity\Hub\Editor\2022.3.22f1\Editor\Data\PlaybackEngines\AndroidPlayer\Tools\gradle\lib\gradle-launcher-7.2.jar
Launcher Type: SUN_STANDARD

[Global flags]
     intx CICompilerCount                          = 4                                         {product} {ergonomic}
     uint ConcGCThreads                            = 3                                         {product} {ergonomic}
     uint G1ConcRefinementThreads                  = 10                                        {product} {ergonomic}
   size_t G1HeapRegionSize                         = 1048576                                   {product} {ergonomic}
    uintx GCDrainStackTargetSize                   = 64                                        {product} {ergonomic}
   size_t InitialHeapSize                          = 132120576                                 {product} {ergonomic}
   size_t MarkStackSize                            = 4194304                                   {product} {ergonomic}
   size_t MaxHeapSize                              = 2101346304                                {product} {ergonomic}
   size_t MinHeapDeltaBytes                        = 1048576                                   {product} {ergonomic}
    uintx NonNMethodCodeHeapSize                   = 5836300                                {pd product} {ergonomic}
    uintx NonProfiledCodeHeapSize                  = 122910970                              {pd product} {ergonomic}
    uintx ProfiledCodeHeapSize                     = 122910970                              {pd product} {ergonomic}
    uintx ReservedCodeCacheSize                    = 251658240                              {pd product} {ergonomic}
     bool SegmentedCodeCache                       = true                                      {product} {ergonomic}
     bool UseCompressedClassPointers               = true                                 {lp64_product} {ergonomic}
     bool UseCompressedOops                        = true                                 {lp64_product} {ergonomic}
     bool UseG1GC                                  = true                                      {product} {ergonomic}
     bool UseLargePagesIndividualAllocation        = false                                  {pd product} {ergonomic}

Logging:
Log output configuration:
 #0: stdout all=warning uptime,level,tags
 #1: stderr all=off uptime,level,tags

Environment Variables:
JAVA_HOME=C:\Program Files\Unity\Hub\Editor\2022.3.22f1\Editor\Data\PlaybackEngines\AndroidPlayer\OpenJDK
JAVA_TOOL_OPTIONS=-Dfile.encoding=UTF-8
PATH=C:\Program Files\Oculus\Support\oculus-runtime;C:\Program Files\PlasticSCM5\server;C:\Program Files\PlasticSCM5\client;C:\Program Files\Common Files\Oracle\Java\javapath;C:\Program Files (x86)\Razer Chroma SDK\bin;C:\Program Files\Razer Chroma SDK\bin;C:\Program Files (x86)\Razer\ChromaBroadcast\bin;C:\Program Files\Razer\ChromaBroadcast\bin;C:\Windows\system32;C:\Windows;C:\Windows\System32\Wbem;C:\Windows\System32\WindowsPowerShell\v1.0\;C:\Windows\System32\OpenSSH\;C:\Program Files (x86)\NVIDIA Corporation\PhysX\Common;C:\Program Files\NVIDIA Corporation\NVIDIA NvDLISR;C:\Windows\system32\config\systemprofile\AppData\Local\Microsoft\WindowsApps;C:\WINDOWS\system32;C:\WINDOWS;C:\WINDOWS\System32\Wbem;C:\WINDOWS\System32\WindowsPowerShell\v1.0\;C:\WINDOWS\System32\OpenSSH\;C:\Program Files\Git\cmd;C:\Program Files\dotnet\;C:\WINDOWS\system32\config\systemprofile\AppData\Local\Microsoft\WindowsApps;C:\WINDOWS\system32;C:\WINDOWS;C:\WINDOWS\System32\Wbem;C:\WINDOWS\System32\WindowsPowerShell\v1.0\;C:\WINDOWS\System32\OpenSSH\;C:\Program Files\PuTTY\;C:\Users\itnah\AppData\Local\Microsoft\WindowsApps;C:\Users\itnah\AppData\Local\Programs\Microsoft VS Code\bin;C:\Users\itnah\AppData\Local\Microsoft\WindowsApps;
USERNAME=itnah
OS=Windows_NT
PROCESSOR_IDENTIFIER=Intel64 Family 6 Model 165 Stepping 2, GenuineIntel



---------------  S Y S T E M  ---------------

OS: Windows 11 , 64 bit Build 22621 (10.0.22621.3527)
OS uptime: 0 days 3:32 hours

CPU:total 12 (initial active 12) (6 cores per cpu, 2 threads per core) family 6 model 165 stepping 2 microcode 0xe2, cmov, cx8, fxsr, mmx, sse, sse2, sse3, ssse3, sse4.1, sse4.2, popcnt, avx, avx2, aes, clmul, erms, 3dnowpref, lzcnt, ht, tsc, tscinvbit, bmi1, bmi2, adx, fma

Memory: 4k page, system-wide physical 8013M (389M free)
TotalPageFile size 32589M (AvailPageFile size 82M)
current process WorkingSet (physical memory assigned to process): 10M, peak: 10M
current process commit charge ("private bytes"): 64M, peak: 190M

vm_info: OpenJDK 64-Bit Server VM (11.0.14.1+1) for windows-amd64 JRE (11.0.14.1+1), built on Feb  9 2022 01:48:27 by "" with unknown MS VC++:1916

END.
